<?xml version="1.0" encoding="UTF-8"?>
<testsuite name="SimpleCalculationTest" tests="4" skipped="0" failures="0" errors="0" timestamp="2019-12-10T12:36:59" hostname="linco-ThinkCentre-M73" time="0.029">
  <properties/>
  <testcase name="testMulti()" classname="SimpleCalculationTest" time="0.021"/>
  <testcase name="testAddition()" classname="SimpleCalculationTest" time="0.001"/>
  <testcase name="testAddition2()" classname="SimpleCalculationTest" time="0.001"/>
  <testcase name="testMulti2()" classname="SimpleCalculationTest" time="0.001"/>
  <system-out><![CDATA[]]></system-out>
  <system-err><![CDATA[]]></system-err>
</testsuite>
