<?xml version="1.0" encoding="UTF-8"?>
<testsuite name="SimpleCalculatorTest" tests="1" skipped="0" failures="0" errors="0" timestamp="2020-01-14T11:50:47" hostname="recruit-ThinkCentre-M73" time="0.025">
  <properties/>
  <testcase name="testAdd()" classname="SimpleCalculatorTest" time="0.025"/>
  <system-out><![CDATA[]]></system-out>
  <system-err><![CDATA[]]></system-err>
</testsuite>
